Release 14.7 - xst P.20131013 (nt64)
Copyright (c) 1995-2013 Xilinx, Inc.  All rights reserved.
--> Parameter TMPDIR set to xst/projnav.tmp


Total REAL time to Xst completion: 0.00 secs
Total CPU time to Xst completion: 0.11 secs
 
--> Parameter xsthdpdir set to xst


Total REAL time to Xst completion: 0.00 secs
Total CPU time to Xst completion: 0.11 secs
 
--> Reading design: Pro1.prj

TABLE OF CONTENTS
  1) Synthesis Options Summary
  2) HDL Compilation
  3) Design Hierarchy Analysis
  4) HDL Analysis
  5) HDL Synthesis
     5.1) HDL Synthesis Report
  6) Advanced HDL Synthesis
     6.1) Advanced HDL Synthesis Report
  7) Low Level Synthesis
  8) Partition Report
  9) Final Report
	9.1) Device utilization summary
	9.2) Partition Resource Summary
	9.3) TIMING REPORT


=========================================================================
*                      Synthesis Options Summary                        *
=========================================================================
---- Source Parameters
Input File Name                    : "Pro1.prj"
Input Format                       : mixed
Ignore Synthesis Constraint File   : NO

---- Target Parameters
Output File Name                   : "Pro1"
Output Format                      : NGC
Target Device                      : xc5vlx20t-2-ff323

---- Source Options
Top Module Name                    : Pro1
Automatic FSM Extraction           : YES
FSM Encoding Algorithm             : Auto
Safe Implementation                : No
FSM Style                          : LUT
RAM Extraction                     : Yes
RAM Style                          : Auto
ROM Extraction                     : Yes
Mux Style                          : Auto
Decoder Extraction                 : YES
Priority Encoder Extraction        : Yes
Shift Register Extraction          : YES
Logical Shifter Extraction         : YES
XOR Collapsing                     : YES
ROM Style                          : Auto
Mux Extraction                     : Yes
Resource Sharing                   : YES
Asynchronous To Synchronous        : NO
Use DSP Block                      : Auto
Automatic Register Balancing       : No

---- Target Options
LUT Combining                      : Auto
Reduce Control Sets                : Auto
Add IO Buffers                     : YES
Global Maximum Fanout              : 100000
Add Generic Clock Buffer(BUFG)     : 32
Register Duplication               : YES
Slice Packing                      : YES
Optimize Instantiated Primitives   : NO
Use Clock Enable                   : Auto
Use Synchronous Set                : Auto
Use Synchronous Reset              : Auto
Pack IO Registers into IOBs        : Auto
Equivalent register Removal        : YES

---- General Options
Optimization Goal                  : Speed
Optimization Effort                : 1
Power Reduction                    : NO
Keep Hierarchy                     : No
Netlist Hierarchy                  : As_Optimized
RTL Output                         : Yes
Global Optimization                : AllClockNets
Read Cores                         : YES
Write Timing Constraints           : NO
Cross Clock Analysis               : NO
Hierarchy Separator                : /
Bus Delimiter                      : <>
Case Specifier                     : Maintain
Slice Utilization Ratio            : 100
BRAM Utilization Ratio             : 100
DSP48 Utilization Ratio            : 100
Verilog 2001                       : YES
Auto BRAM Packing                  : NO
Slice Utilization Ratio Delta      : 5

=========================================================================


=========================================================================
*                          HDL Compilation                              *
=========================================================================
Compiling verilog file "one_bit_compare_noless.vf" in library work
Compiling verilog file "fourbit_compare_new.vf" in library work
Module <one_bit_compare_noless> compiled
Module <M2_1_HXILINX_fourbit_compare_new> compiled
Module <one_bit_compare_noless_MUSER_fourbit_compare_new> compiled
Compiling verilog file "Fa.vf" in library work
Module <fourbit_compare_new> compiled
Compiling verilog file "Pro1.vf" in library work
Module <Fa> compiled
Module <M2_1_HXILINX_Pro1> compiled
Module <Fa_MUSER_Pro1> compiled
Module <one_bit_compare_noless_MUSER_Pro1> compiled
Module <fourbit_compare_new_MUSER_Pro1> compiled
Module <Pro1> compiled
No errors in compilation
Analysis of file <"Pro1.prj"> succeeded.
 

=========================================================================
*                     Design Hierarchy Analysis                         *
=========================================================================
Analyzing hierarchy for module <Pro1> in library <work>.

Analyzing hierarchy for module <M2_1_HXILINX_Pro1> in library <work>.

Analyzing hierarchy for module <M2_1_HXILINX_Pro1> in library <work>.

Analyzing hierarchy for module <M2_1_HXILINX_Pro1> in library <work>.

Analyzing hierarchy for module <M2_1_HXILINX_Pro1> in library <work>.

Analyzing hierarchy for module <M2_1_HXILINX_Pro1> in library <work>.

Analyzing hierarchy for module <M2_1_HXILINX_Pro1> in library <work>.

Analyzing hierarchy for module <M2_1_HXILINX_Pro1> in library <work>.

Analyzing hierarchy for module <M2_1_HXILINX_Pro1> in library <work>.

Analyzing hierarchy for module <M2_1_HXILINX_Pro1> in library <work>.

Analyzing hierarchy for module <M2_1_HXILINX_Pro1> in library <work>.

Analyzing hierarchy for module <M2_1_HXILINX_Pro1> in library <work>.

Analyzing hierarchy for module <M2_1_HXILINX_Pro1> in library <work>.

Analyzing hierarchy for module <M2_1_HXILINX_Pro1> in library <work>.

Analyzing hierarchy for module <fourbit_compare_new_MUSER_Pro1> in library <work>.

Analyzing hierarchy for module <Fa_MUSER_Pro1> in library <work>.

Analyzing hierarchy for module <M2_1_HXILINX_Pro1> in library <work>.

Analyzing hierarchy for module <M2_1_HXILINX_Pro1> in library <work>.

Analyzing hierarchy for module <M2_1_HXILINX_Pro1> in library <work>.

Analyzing hierarchy for module <M2_1_HXILINX_Pro1> in library <work>.

Analyzing hierarchy for module <one_bit_compare_noless_MUSER_Pro1> in library <work>.

Analyzing hierarchy for module <M2_1_HXILINX_Pro1> in library <work>.


=========================================================================
*                            HDL Analysis                               *
=========================================================================
Analyzing top module <Pro1>.
Module <Pro1> is correct for synthesis.
 
    Set user-defined property "HU_SET =  XLXI_107_32" for instance <XLXI_107> in unit <Pro1>.
    Set user-defined property "HU_SET =  XLXI_128_35" for instance <XLXI_128> in unit <Pro1>.
    Set user-defined property "HU_SET =  XLXI_129_36" for instance <XLXI_129> in unit <Pro1>.
    Set user-defined property "HU_SET =  XLXI_135_37" for instance <XLXI_135> in unit <Pro1>.
    Set user-defined property "HU_SET =  XLXI_53_28" for instance <XLXI_53> in unit <Pro1>.
    Set user-defined property "HU_SET =  XLXI_54_29" for instance <XLXI_54> in unit <Pro1>.
    Set user-defined property "HU_SET =  XLXI_55_30" for instance <XLXI_55> in unit <Pro1>.
    Set user-defined property "HU_SET =  XLXI_56_23" for instance <XLXI_56> in unit <Pro1>.
    Set user-defined property "HU_SET =  XLXI_57_24" for instance <XLXI_57> in unit <Pro1>.
    Set user-defined property "HU_SET =  XLXI_58_25" for instance <XLXI_58> in unit <Pro1>.
    Set user-defined property "HU_SET =  XLXI_59_26" for instance <XLXI_59> in unit <Pro1>.
    Set user-defined property "HU_SET =  XLXI_6_21" for instance <XLXI_6> in unit <Pro1>.
    Set user-defined property "HU_SET =  XLXI_60_27" for instance <XLXI_60> in unit <Pro1>.
    Set user-defined property "HU_SET =  XLXI_65_31" for instance <XLXI_65> in unit <Pro1>.
    Set user-defined property "HU_SET =  XLXI_7_22" for instance <XLXI_7> in unit <Pro1>.
    Set user-defined property "HU_SET =  XLXI_8_33" for instance <XLXI_8> in unit <Pro1>.
    Set user-defined property "HU_SET =  XLXI_9_34" for instance <XLXI_9> in unit <Pro1>.
Analyzing module <M2_1_HXILINX_Pro1.1> in library <work>.
Module <M2_1_HXILINX_Pro1.1> is correct for synthesis.
 
Analyzing module <M2_1_HXILINX_Pro1.2> in library <work>.
Module <M2_1_HXILINX_Pro1.2> is correct for synthesis.
 
Analyzing module <M2_1_HXILINX_Pro1.3> in library <work>.
Module <M2_1_HXILINX_Pro1.3> is correct for synthesis.
 
Analyzing module <M2_1_HXILINX_Pro1.4> in library <work>.
Module <M2_1_HXILINX_Pro1.4> is correct for synthesis.
 
Analyzing module <M2_1_HXILINX_Pro1.5> in library <work>.
Module <M2_1_HXILINX_Pro1.5> is correct for synthesis.
 
Analyzing module <M2_1_HXILINX_Pro1.6> in library <work>.
Module <M2_1_HXILINX_Pro1.6> is correct for synthesis.
 
Analyzing module <M2_1_HXILINX_Pro1.7> in library <work>.
Module <M2_1_HXILINX_Pro1.7> is correct for synthesis.
 
Analyzing module <M2_1_HXILINX_Pro1.8> in library <work>.
Module <M2_1_HXILINX_Pro1.8> is correct for synthesis.
 
Analyzing module <M2_1_HXILINX_Pro1.9> in library <work>.
Module <M2_1_HXILINX_Pro1.9> is correct for synthesis.
 
Analyzing module <M2_1_HXILINX_Pro1.10> in library <work>.
Module <M2_1_HXILINX_Pro1.10> is correct for synthesis.
 
Analyzing module <M2_1_HXILINX_Pro1.11> in library <work>.
Module <M2_1_HXILINX_Pro1.11> is correct for synthesis.
 
Analyzing module <M2_1_HXILINX_Pro1.12> in library <work>.
Module <M2_1_HXILINX_Pro1.12> is correct for synthesis.
 
Analyzing module <M2_1_HXILINX_Pro1.13> in library <work>.
Module <M2_1_HXILINX_Pro1.13> is correct for synthesis.
 
Analyzing module <fourbit_compare_new_MUSER_Pro1> in library <work>.
Module <fourbit_compare_new_MUSER_Pro1> is correct for synthesis.
 
    Set user-defined property "HU_SET =  XLXI_10_20" for instance <XLXI_10> in unit <fourbit_compare_new_MUSER_Pro1>.
Analyzing module <one_bit_compare_noless_MUSER_Pro1> in library <work>.
Module <one_bit_compare_noless_MUSER_Pro1> is correct for synthesis.
 
Analyzing module <M2_1_HXILINX_Pro1.18> in library <work>.
Module <M2_1_HXILINX_Pro1.18> is correct for synthesis.
 
Analyzing module <Fa_MUSER_Pro1> in library <work>.
Module <Fa_MUSER_Pro1> is correct for synthesis.
 
Analyzing module <M2_1_HXILINX_Pro1.14> in library <work>.
Module <M2_1_HXILINX_Pro1.14> is correct for synthesis.
 
Analyzing module <M2_1_HXILINX_Pro1.15> in library <work>.
Module <M2_1_HXILINX_Pro1.15> is correct for synthesis.
 
Analyzing module <M2_1_HXILINX_Pro1.16> in library <work>.
Module <M2_1_HXILINX_Pro1.16> is correct for synthesis.
 
Analyzing module <M2_1_HXILINX_Pro1.17> in library <work>.
Module <M2_1_HXILINX_Pro1.17> is correct for synthesis.
 

=========================================================================
*                           HDL Synthesis                               *
=========================================================================

Performing bidirectional port resolution...

Synthesizing Unit <M2_1_HXILINX_Pro1_1>.
    Related source file is "Pro1.vf".
Unit <M2_1_HXILINX_Pro1_1> synthesized.


Synthesizing Unit <M2_1_HXILINX_Pro1_2>.
    Related source file is "Pro1.vf".
Unit <M2_1_HXILINX_Pro1_2> synthesized.


Synthesizing Unit <M2_1_HXILINX_Pro1_3>.
    Related source file is "Pro1.vf".
Unit <M2_1_HXILINX_Pro1_3> synthesized.


Synthesizing Unit <M2_1_HXILINX_Pro1_4>.
    Related source file is "Pro1.vf".
Unit <M2_1_HXILINX_Pro1_4> synthesized.


Synthesizing Unit <M2_1_HXILINX_Pro1_5>.
    Related source file is "Pro1.vf".
Unit <M2_1_HXILINX_Pro1_5> synthesized.


Synthesizing Unit <M2_1_HXILINX_Pro1_6>.
    Related source file is "Pro1.vf".
Unit <M2_1_HXILINX_Pro1_6> synthesized.


Synthesizing Unit <M2_1_HXILINX_Pro1_7>.
    Related source file is "Pro1.vf".
Unit <M2_1_HXILINX_Pro1_7> synthesized.


Synthesizing Unit <M2_1_HXILINX_Pro1_8>.
    Related source file is "Pro1.vf".
Unit <M2_1_HXILINX_Pro1_8> synthesized.


Synthesizing Unit <M2_1_HXILINX_Pro1_9>.
    Related source file is "Pro1.vf".
Unit <M2_1_HXILINX_Pro1_9> synthesized.


Synthesizing Unit <M2_1_HXILINX_Pro1_10>.
    Related source file is "Pro1.vf".
Unit <M2_1_HXILINX_Pro1_10> synthesized.


Synthesizing Unit <M2_1_HXILINX_Pro1_11>.
    Related source file is "Pro1.vf".
Unit <M2_1_HXILINX_Pro1_11> synthesized.


Synthesizing Unit <M2_1_HXILINX_Pro1_12>.
    Related source file is "Pro1.vf".
Unit <M2_1_HXILINX_Pro1_12> synthesized.


Synthesizing Unit <M2_1_HXILINX_Pro1_13>.
    Related source file is "Pro1.vf".
Unit <M2_1_HXILINX_Pro1_13> synthesized.


Synthesizing Unit <M2_1_HXILINX_Pro1_14>.
    Related source file is "Pro1.vf".
Unit <M2_1_HXILINX_Pro1_14> synthesized.


Synthesizing Unit <M2_1_HXILINX_Pro1_15>.
    Related source file is "Pro1.vf".
Unit <M2_1_HXILINX_Pro1_15> synthesized.


Synthesizing Unit <M2_1_HXILINX_Pro1_16>.
    Related source file is "Pro1.vf".
Unit <M2_1_HXILINX_Pro1_16> synthesized.


Synthesizing Unit <M2_1_HXILINX_Pro1_17>.
    Related source file is "Pro1.vf".
Unit <M2_1_HXILINX_Pro1_17> synthesized.


Synthesizing Unit <M2_1_HXILINX_Pro1_18>.
    Related source file is "Pro1.vf".
Unit <M2_1_HXILINX_Pro1_18> synthesized.


Synthesizing Unit <Fa_MUSER_Pro1>.
    Related source file is "Pro1.vf".
Unit <Fa_MUSER_Pro1> synthesized.


Synthesizing Unit <one_bit_compare_noless_MUSER_Pro1>.
    Related source file is "Pro1.vf".
Unit <one_bit_compare_noless_MUSER_Pro1> synthesized.


Synthesizing Unit <fourbit_compare_new_MUSER_Pro1>.
    Related source file is "Pro1.vf".
Unit <fourbit_compare_new_MUSER_Pro1> synthesized.


Synthesizing Unit <Pro1>.
    Related source file is "Pro1.vf".
Unit <Pro1> synthesized.


=========================================================================
HDL Synthesis Report

Found no macro
=========================================================================

=========================================================================
*                       Advanced HDL Synthesis                          *
=========================================================================


=========================================================================
Advanced HDL Synthesis Report

Found no macro
=========================================================================

=========================================================================
*                         Low Level Synthesis                           *
=========================================================================

Optimizing unit <Pro1> ...

Optimizing unit <M2_1_HXILINX_Pro1_1> ...

Optimizing unit <M2_1_HXILINX_Pro1_2> ...

Optimizing unit <M2_1_HXILINX_Pro1_3> ...

Optimizing unit <M2_1_HXILINX_Pro1_4> ...

Optimizing unit <M2_1_HXILINX_Pro1_5> ...

Optimizing unit <M2_1_HXILINX_Pro1_6> ...

Optimizing unit <M2_1_HXILINX_Pro1_7> ...

Optimizing unit <M2_1_HXILINX_Pro1_8> ...

Optimizing unit <M2_1_HXILINX_Pro1_9> ...

Optimizing unit <M2_1_HXILINX_Pro1_10> ...

Optimizing unit <M2_1_HXILINX_Pro1_11> ...

Optimizing unit <M2_1_HXILINX_Pro1_12> ...

Optimizing unit <M2_1_HXILINX_Pro1_13> ...

Optimizing unit <M2_1_HXILINX_Pro1_14> ...

Optimizing unit <M2_1_HXILINX_Pro1_15> ...

Optimizing unit <M2_1_HXILINX_Pro1_16> ...

Optimizing unit <M2_1_HXILINX_Pro1_17> ...

Optimizing unit <M2_1_HXILINX_Pro1_18> ...

Optimizing unit <fourbit_compare_new_MUSER_Pro1> ...

Mapping all equations...
Building and optimizing final netlist ...
Found area constraint ratio of 100 (+ 5) on block Pro1, actual ratio is 0.

Final Macro Processing ...

=========================================================================
Final Register Report

Found no macro
=========================================================================

=========================================================================
*                           Partition Report                            *
=========================================================================

Partition Implementation Status
-------------------------------

  No Partitions were found in this design.

-------------------------------

=========================================================================
*                            Final Report                               *
=========================================================================
Final Results
RTL Top Level Output File Name     : Pro1.ngr
Top Level Output File Name         : Pro1
Output Format                      : NGC
Optimization Goal                  : Speed
Keep Hierarchy                     : No

Design Statistics
# IOs                              : 15

Cell Usage :
# BELS                             : 61
#      AND2                        : 18
#      AND3                        : 1
#      AND4                        : 2
#      GND                         : 1
#      INV                         : 8
#      LUT2                        : 2
#      LUT3                        : 16
#      OR2                         : 4
#      OR4                         : 1
#      XOR2                        : 8
# IO Buffers                       : 15
#      IBUF                        : 9
#      OBUF                        : 6
# Logical                          : 12
#      NAND2                       : 8
#      NOR2                        : 4
=========================================================================

Device utilization summary:
---------------------------

Selected Device : 5vlx20tff323-2 


Slice Logic Utilization: 
 Number of Slice LUTs:                   26  out of  12480     0%  
    Number used as Logic:                26  out of  12480     0%  

Slice Logic Distribution: 
 Number of LUT Flip Flop pairs used:     26
   Number with an unused Flip Flop:      26  out of     26   100%  
   Number with an unused LUT:             0  out of     26     0%  
   Number of fully used LUT-FF pairs:     0  out of     26     0%  
   Number of unique control sets:         0

IO Utilization: 
 Number of IOs:                          15
 Number of bonded IOBs:                  15  out of    172     8%  

Specific Feature Utilization:

---------------------------
Partition Resource Summary:
---------------------------

  No Partitions were found in this design.

---------------------------


=========================================================================
TIMING REPORT

NOTE: THESE TIMING NUMBERS ARE ONLY A SYNTHESIS ESTIMATE.
      FOR ACCURATE TIMING INFORMATION PLEASE REFER TO THE TRACE REPORT
      GENERATED AFTER PLACE-and-ROUTE.

Clock Information:
------------------
No clock signals found in this design

Asynchronous Control Signals Information:
----------------------------------------
No asynchronous control signals found in this design

Timing Summary:
---------------
Speed Grade: -2

   Minimum period: No path found
   Minimum input arrival time before clock: No path found
   Maximum output required time after clock: No path found
   Maximum combinational path delay: 19.281ns

Timing Detail:
--------------
All values displayed in nanoseconds (ns)

=========================================================================
Timing constraint: Default path analysis
  Total number of paths / destination ports: 8998 / 6
-------------------------------------------------------------------------
Delay:               19.281ns (Levels of Logic = 25)
  Source:            b<1> (PAD)
  Destination:       R<4> (PAD)

  Data Path: b<1> to R<4>
                                Gate     Net
    Cell:in->out      fanout   Delay   Delay  Logical Name (Net Name)
    ----------------------------------------  ------------
     IBUF:I->O             5   0.694   0.919  b_1_IBUF (b_1_IBUF)
     NAND2:I0->O           1   0.086   0.901  XLXI_86/XLXI_4/XLXI_2 (XLXI_86/XLXI_4/XLXN_15)
     AND2:I0->O            1   0.086   0.901  XLXI_86/XLXI_4/XLXI_4 (XLXI_86/XLXI_4/XLXN_22)
     NOR2:I0->O            2   0.086   0.905  XLXI_86/XLXI_4/XLXI_5 (XLXI_86/XLXN_15)
     AND4:I0->O            1   0.086   0.901  XLXI_86/XLXI_8 (XLXI_86/XLXN_23)
     OR4:I0->O             1   0.086   0.412  XLXI_86/XLXI_9 (XLXI_86/XLXN_27)
     begin scope: 'XLXI_86/XLXI_10'
     LUT2:I1->O            9   0.086   0.637  O1 (O)
     end scope: 'XLXI_86/XLXI_10'
     begin scope: 'XLXI_53'
     LUT3:I0->O            2   0.086   0.290  O1 (O)
     end scope: 'XLXI_53'
     INV:I->O              1   0.212   0.487  XLXI_92 (XLXN_330)
     begin scope: 'XLXI_6'
     LUT3:I1->O            2   0.086   0.823  O1 (O)
     end scope: 'XLXI_6'
     XOR2:I1->O            2   0.086   0.823  XLXI_97/XLXI_1 (XLXI_97/XLXN_6)
     AND2:I1->O            1   0.086   0.819  XLXI_97/XLXI_3 (XLXI_97/XLXN_15)
     OR2:I1->O             2   0.086   0.905  XLXI_97/XLXI_5 (XLXN_36)
     AND2:I0->O            1   0.086   0.819  XLXI_98/XLXI_3 (XLXI_98/XLXN_15)
     OR2:I1->O             2   0.086   0.905  XLXI_98/XLXI_5 (XLXN_38)
     AND2:I0->O            1   0.086   0.819  XLXI_99/XLXI_3 (XLXI_99/XLXN_15)
     OR2:I1->O             2   0.086   0.905  XLXI_99/XLXI_5 (XLXN_233)
     AND2:I0->O            1   0.086   0.819  XLXI_100/XLXI_3 (XLXI_100/XLXN_15)
     OR2:I1->O             1   0.086   0.412  XLXI_100/XLXI_5 (XLXN_245)
     begin scope: 'XLXI_65'
     LUT2:I1->O            1   0.086   0.286  O1 (O)
     end scope: 'XLXI_65'
     OBUF:I->O                 2.144          R_4_OBUF (R<4>)
    ----------------------------------------
    Total                     19.281ns (4.598ns logic, 14.683ns route)
                                       (23.8% logic, 76.2% route)

=========================================================================


Total REAL time to Xst completion: 6.00 secs
Total CPU time to Xst completion: 5.85 secs
 
--> 

Total memory usage is 342656 kilobytes

Number of errors   :    0 (   0 filtered)
Number of warnings :    0 (   0 filtered)
Number of infos    :    0 (   0 filtered)

