Command line:
   Project_one_Project_one_sch_tb_isim_beh.exe
     -simmode  gui
     -simrunnum  2
     -socket  52729

Fri Apr 07 10:54:12 2017


 Elaboration Time: 0.03125 sec

 Current Memory Usage: 848.585 Meg

 Total Signals          : 326
 Total Nets             : 92
 Total Signal Drivers   : 78
 Total Blocks           : 78
 Total Primitive Blocks : 67
 Total Processes        : 94
 Total Traceable Variables  : 35
 Total Scalar Nets and Variables : 195
Total Line Count : 106

 Total Simulation Time: 0.0625 sec

 Current Memory Usage: 376.726 Meg

Fri Apr 07 11:39:59 2017

