Command line:
   Projectone_Projectone_sch_tb_isim_beh.exe
     -simmode  gui
     -simrunnum  1
     -socket  52660

Fri Apr 07 10:45:11 2017


 Elaboration Time: 0.046875 sec

 Current Memory Usage: 848.634 Meg

 Total Signals          : 328
 Total Nets             : 93
 Total Signal Drivers   : 79
 Total Blocks           : 79
 Total Primitive Blocks : 68
 Total Processes        : 95
 Total Traceable Variables  : 35
 Total Scalar Nets and Variables : 196
Total Line Count : 107

 Total Simulation Time: 0.125 sec

 Current Memory Usage: 376.775 Meg

Fri Apr 07 11:39:52 2017

