Command line:
   F_project_F_project_sch_tb_isim_beh.exe
     -simmode  gui
     -simrunnum  0
     -socket  50909

Fri Apr 07 00:21:37 2017


 Elaboration Time: 0.046875 sec

 Current Memory Usage: 848.142 Meg

 Total Signals          : 330
 Total Nets             : 92
 Total Signal Drivers   : 78
 Total Blocks           : 78
 Total Primitive Blocks : 67
 Total Processes        : 94
 Total Traceable Variables  : 35
 Total Scalar Nets and Variables : 195
Total Line Count : 106

 Total Simulation Time: 0.171875 sec

 Current Memory Usage: 376.283 Meg

Fri Apr 07 02:20:18 2017

