Command line:
   Project_1_Project_1_sch_tb_isim_beh.exe
     -simmode  gui
     -simrunnum  3
     -socket  52792

Fri Apr 07 11:12:18 2017


 Elaboration Time: 0.03125 sec

 Current Memory Usage: 848.642 Meg

 Total Signals          : 340
 Total Nets             : 97
 Total Signal Drivers   : 83
 Total Blocks           : 83
 Total Primitive Blocks : 72
 Total Processes        : 99
 Total Traceable Variables  : 35
 Total Scalar Nets and Variables : 200
Total Line Count : 107

 Total Simulation Time: 0.1875 sec

 Current Memory Usage: 376.783 Meg

Fri Apr 07 11:40:03 2017

