Command line:
   Project1_Project1_sch_tb_isim_beh.exe
     -simmode  gui
     -simrunnum  0
     -socket  52474

Fri Apr 07 10:20:17 2017


 Elaboration Time: 0.0625 sec

 Current Memory Usage: 848.114 Meg

 Total Signals          : 326
 Total Nets             : 92
 Total Signal Drivers   : 78
 Total Blocks           : 78
 Total Primitive Blocks : 67
 Total Processes        : 94
 Total Traceable Variables  : 35
 Total Scalar Nets and Variables : 195
Total Line Count : 102

 Total Simulation Time: 0.09375 sec

 Current Memory Usage: 376.254 Meg

Fri Apr 07 11:39:45 2017

